11:42:28.936976 execve("./exe", ["./exe"], 0x7ffef182cfc0 /* 31 vars */) = 0
11:42:28.940643 brk(NULL)               = 0x5adc64899000
11:42:28.941452 mmap(NULL, 8192, PROT_READ|PROT_WRITE, MAP_PRIVATE|MAP_ANONYMOUS, -1, 0) = 0x74d0422a0000
11:42:28.942211 access("/etc/ld.so.preload", R_OK) = -1 ENOENT (No such file or directory)
11:42:28.943094 openat(AT_FDCWD, "/mnt/c/Users/Asus/Favorites/base/build/glibc-hwcaps/x86-64-v4/libmalloc_l.so", O_RDONLY|O_CLOEXEC) = -1 ENOENT (No such file or directory)
11:42:28.943851 newfstatat(AT_FDCWD, "/mnt/c/Users/Asus/Favorites/base/build/glibc-hwcaps/x86-64-v4/", 0x7ffe19724d80, 0) = -1 ENOENT (No such file or directory)
11:42:28.944590 openat(AT_FDCWD, "/mnt/c/Users/Asus/Favorites/base/build/glibc-hwcaps/x86-64-v3/libmalloc_l.so", O_RDONLY|O_CLOEXEC) = -1 ENOENT (No such file or directory)
11:42:28.945117 newfstatat(AT_FDCWD, "/mnt/c/Users/Asus/Favorites/base/build/glibc-hwcaps/x86-64-v3/", 0x7ffe19724d80, 0) = -1 ENOENT (No such file or directory)
11:42:28.945506 openat(AT_FDCWD, "/mnt/c/Users/Asus/Favorites/base/build/glibc-hwcaps/x86-64-v2/libmalloc_l.so", O_RDONLY|O_CLOEXEC) = -1 ENOENT (No such file or directory)
11:42:28.945891 newfstatat(AT_FDCWD, "/mnt/c/Users/Asus/Favorites/base/build/glibc-hwcaps/x86-64-v2/", 0x7ffe19724d80, 0) = -1 ENOENT (No such file or directory)
11:42:28.946288 openat(AT_FDCWD, "/mnt/c/Users/Asus/Favorites/base/build/libmalloc_l.so", O_RDONLY|O_CLOEXEC) = 3
11:42:28.946996 read(3, "\177ELF\2\1\1\0\0\0\0\0\0\0\0\0\3\0>\0\1\0\0\0\0\0\0\0\0\0\0\0"..., 832) = 832
11:42:28.947432 fstat(3, {st_mode=S_IFREG|0777, st_size=26416, ...}) = 0
11:42:28.947870 mmap(NULL, 16504, PROT_READ, MAP_PRIVATE|MAP_DENYWRITE, 3, 0) = 0x74d04229b000
11:42:28.948158 mmap(0x74d04229c000, 4096, PROT_READ|PROT_EXEC, MAP_PRIVATE|MAP_FIXED|MAP_DENYWRITE, 3, 0x1000) = 0x74d04229c000
11:42:28.948455 mmap(0x74d04229d000, 4096, PROT_READ, MAP_PRIVATE|MAP_FIXED|MAP_DENYWRITE, 3, 0x2000) = 0x74d04229d000
11:42:28.948731 mmap(0x74d04229e000, 8192, PROT_READ|PROT_WRITE, MAP_PRIVATE|MAP_FIXED|MAP_DENYWRITE, 3, 0x2000) = 0x74d04229e000
11:42:28.949171 close(3)                = 0
11:42:28.949468 openat(AT_FDCWD, "/mnt/c/Users/Asus/Favorites/base/build/libc.so.6", O_RDONLY|O_CLOEXEC) = -1 ENOENT (No such file or directory)
11:42:28.949877 openat(AT_FDCWD, "/etc/ld.so.cache", O_RDONLY|O_CLOEXEC) = 3
11:42:28.950161 fstat(3, {st_mode=S_IFREG|0644, st_size=47903, ...}) = 0
11:42:28.950436 mmap(NULL, 47903, PROT_READ, MAP_PRIVATE, 3, 0) = 0x74d04228f000
11:42:28.950710 close(3)                = 0
11:42:28.951050 openat(AT_FDCWD, "/lib/x86_64-linux-gnu/libc.so.6", O_RDONLY|O_CLOEXEC) = 3
11:42:28.951778 read(3, "\177ELF\2\1\1\3\0\0\0\0\0\0\0\0\3\0>\0\1\0\0\0\220\243\2\0\0\0\0\0"..., 832) = 832
11:42:28.952110 pread64(3, "\6\0\0\0\4\0\0\0@\0\0\0\0\0\0\0@\0\0\0\0\0\0\0@\0\0\0\0\0\0\0"..., 784, 64) = 784
11:42:28.952391 fstat(3, {st_mode=S_IFREG|0755, st_size=2125328, ...}) = 0
11:42:28.952926 pread64(3, "\6\0\0\0\4\0\0\0@\0\0\0\0\0\0\0@\0\0\0\0\0\0\0@\0\0\0\0\0\0\0"..., 784, 64) = 784
11:42:28.953418 mmap(NULL, 2170256, PROT_READ, MAP_PRIVATE|MAP_DENYWRITE, 3, 0) = 0x74d042000000
11:42:28.953777 mmap(0x74d042028000, 1605632, PROT_READ|PROT_EXEC, MAP_PRIVATE|MAP_FIXED|MAP_DENYWRITE, 3, 0x28000) = 0x74d042028000
11:42:28.954122 mmap(0x74d0421b0000, 323584, PROT_READ, MAP_PRIVATE|MAP_FIXED|MAP_DENYWRITE, 3, 0x1b0000) = 0x74d0421b0000
11:42:28.954421 mmap(0x74d0421ff000, 24576, PROT_READ|PROT_WRITE, MAP_PRIVATE|MAP_FIXED|MAP_DENYWRITE, 3, 0x1fe000) = 0x74d0421ff000
11:42:28.954717 mmap(0x74d042205000, 52624, PROT_READ|PROT_WRITE, MAP_PRIVATE|MAP_FIXED|MAP_ANONYMOUS, -1, 0) = 0x74d042205000
11:42:28.955008 close(3)                = 0
11:42:28.955293 mmap(NULL, 12288, PROT_READ|PROT_WRITE, MAP_PRIVATE|MAP_ANONYMOUS, -1, 0) = 0x74d04228c000
11:42:28.955850 arch_prctl(ARCH_SET_FS, 0x74d04228c740) = 0
11:42:28.956198 set_tid_address(0x74d04228ca10) = 5393
11:42:28.956529 set_robust_list(0x74d04228ca20, 24) = 0
11:42:28.956878 rseq(0x74d04228d060, 0x20, 0, 0x53053053) = 0
11:42:28.957246 mprotect(0x74d0421ff000, 16384, PROT_READ) = 0
11:42:28.957591 mprotect(0x74d04229e000, 4096, PROT_READ) = 0
11:42:28.957876 mprotect(0x5adc25fa4000, 4096, PROT_READ) = 0
11:42:28.958161 mprotect(0x74d0422d8000, 8192, PROT_READ) = 0
11:42:28.958454 prlimit64(0, RLIMIT_STACK, NULL, {rlim_cur=8192*1024, rlim_max=RLIM64_INFINITY}) = 0
11:42:28.958749 munmap(0x74d04228f000, 47903) = 0
11:42:28.959051 brk(NULL)               = 0x5adc64899000
11:42:28.959346 mmap(NULL, 400016, PROT_READ|PROT_WRITE, MAP_PRIVATE|MAP_ANONYMOUS, -1, 0) = 0x74d04222a000
11:42:28.959716 fstat(1, {st_mode=S_IFREG|0777, st_size=4646, ...}) = 0
11:42:28.960110 getrandom("\x3a\x42\x65\xb0\x20\x2f\xce\x41", 8, GRND_NONBLOCK) = 8
11:42:28.960346 brk(0x5adc648ba000)     = 0x5adc648ba000
11:42:28.960654 write(1, "0 1 2 3 4 5 6 7 8 9 10 11 12 13 "..., 2910 1 2 3 4 5 6 7 8 9 10 11 12 13 14 15 16 17 18 19 20 21 22 23 24 25 26 27 28 29 30 31 32 33 34 35 36 37 38 39 40 41 42 43 44 45 46 47 48 49 50 51 52 53 54 55 56 57 58 59 60 61 62 63 64 65 66 67 68 69 70 71 72 73 74 75 76 77 78 79 80 81 82 83 84 85 86 87 88 89 90 91 92 93 94 95 96 97 98 99 
) = 291
11:42:28.961085 exit_group(0)           = ?
11:42:28.961773 +++ exited with 0 +++
